CRITICAL - 2023-07-19 14:45:15 --> Undefined constant "CodeIgniter\Database\MySQLi\MYSQLI_STORE_RESULT"
in SYSTEMPATH/Database/Database.php on line 136.
 1 SYSTEMPATH/Database/Database.php(56): CodeIgniter\Database\Database->initDriver('MySQLi', 'CodeIgniter\\Database\\MySQLi\\Connection', [...])
 2 SYSTEMPATH/Database/Config.php(82): CodeIgniter\Database\Database->load([...], 'default')
 3 FCPATH/index.php(67): CodeIgniter\Database\Config::connect('default')
CRITICAL - 2023-07-19 14:45:16 --> Undefined constant "CodeIgniter\Database\MySQLi\MYSQLI_STORE_RESULT"
in SYSTEMPATH/Database/Database.php on line 136.
 1 SYSTEMPATH/Database/Database.php(56): CodeIgniter\Database\Database->initDriver('MySQLi', 'CodeIgniter\\Database\\MySQLi\\Connection', [...])
 2 SYSTEMPATH/Database/Config.php(82): CodeIgniter\Database\Database->load([...], 'default')
 3 FCPATH/index.php(67): CodeIgniter\Database\Config::connect('default')
CRITICAL - 2023-07-19 14:45:16 --> Uncaught Error: Class "Locale" not found in /var/www/html/vendor/codeigniter4/framework/system/I18n/Time.php:78
Stack trace:
#0 /var/www/html/vendor/codeigniter4/framework/system/I18n/Time.php(114): CodeIgniter\I18n\Time->__construct(NULL, NULL, NULL)
#1 /var/www/html/vendor/codeigniter4/framework/system/HTTP/ResponseTrait.php(468): CodeIgniter\I18n\Time::now()
#2 /var/www/html/vendor/codeigniter4/framework/system/HTTP/ResponseTrait.php(446): CodeIgniter\HTTP\Response->sendHeaders()
#3 /var/www/html/vendor/codeigniter4/framework/system/Debug/Exceptions.php(133): CodeIgniter\HTTP\Response->send()
#4 [internal function]: CodeIgniter\Debug\Exceptions->exceptionHandler(Object(Error))
#5 {main}
  thrown
in SYSTEMPATH/I18n/Time.php on line 78.
 1 [internal function]: CodeIgniter\Debug\Exceptions->shutdownHandler()
CRITICAL - 2023-07-19 14:45:39 --> Undefined constant "CodeIgniter\Database\MySQLi\MYSQLI_STORE_RESULT"
in SYSTEMPATH/Database/Database.php on line 136.
 1 SYSTEMPATH/Database/Database.php(56): CodeIgniter\Database\Database->initDriver('MySQLi', 'CodeIgniter\\Database\\MySQLi\\Connection', [...])
 2 SYSTEMPATH/Database/Config.php(82): CodeIgniter\Database\Database->load([...], 'default')
 3 FCPATH/index.php(67): CodeIgniter\Database\Config::connect('default')
CRITICAL - 2023-07-19 14:45:40 --> Undefined constant "CodeIgniter\Database\MySQLi\MYSQLI_STORE_RESULT"
in SYSTEMPATH/Database/Database.php on line 136.
 1 SYSTEMPATH/Database/Database.php(56): CodeIgniter\Database\Database->initDriver('MySQLi', 'CodeIgniter\\Database\\MySQLi\\Connection', [...])
 2 SYSTEMPATH/Database/Config.php(82): CodeIgniter\Database\Database->load([...], 'default')
 3 FCPATH/index.php(67): CodeIgniter\Database\Config::connect('default')
CRITICAL - 2023-07-19 14:45:40 --> Uncaught Error: Class "Locale" not found in /var/www/html/vendor/codeigniter4/framework/system/I18n/Time.php:78
Stack trace:
#0 /var/www/html/vendor/codeigniter4/framework/system/I18n/Time.php(114): CodeIgniter\I18n\Time->__construct(NULL, NULL, NULL)
#1 /var/www/html/vendor/codeigniter4/framework/system/HTTP/ResponseTrait.php(468): CodeIgniter\I18n\Time::now()
#2 /var/www/html/vendor/codeigniter4/framework/system/HTTP/ResponseTrait.php(446): CodeIgniter\HTTP\Response->sendHeaders()
#3 /var/www/html/vendor/codeigniter4/framework/system/Debug/Exceptions.php(133): CodeIgniter\HTTP\Response->send()
#4 [internal function]: CodeIgniter\Debug\Exceptions->exceptionHandler(Object(Error))
#5 {main}
  thrown
in SYSTEMPATH/I18n/Time.php on line 78.
 1 [internal function]: CodeIgniter\Debug\Exceptions->shutdownHandler()
CRITICAL - 2023-07-19 14:46:31 --> Undefined constant "CodeIgniter\Database\MySQLi\MYSQLI_STORE_RESULT"
in SYSTEMPATH/Database/Database.php on line 136.
 1 SYSTEMPATH/Database/Database.php(56): CodeIgniter\Database\Database->initDriver('MySQLi', 'CodeIgniter\\Database\\MySQLi\\Connection', [...])
 2 SYSTEMPATH/Database/Config.php(82): CodeIgniter\Database\Database->load([...], 'default')
 3 FCPATH/index.php(67): CodeIgniter\Database\Config::connect('default')
CRITICAL - 2023-07-19 14:46:32 --> Undefined constant "CodeIgniter\Database\MySQLi\MYSQLI_STORE_RESULT"
in SYSTEMPATH/Database/Database.php on line 136.
 1 SYSTEMPATH/Database/Database.php(56): CodeIgniter\Database\Database->initDriver('MySQLi', 'CodeIgniter\\Database\\MySQLi\\Connection', [...])
 2 SYSTEMPATH/Database/Config.php(82): CodeIgniter\Database\Database->load([...], 'default')
 3 FCPATH/index.php(67): CodeIgniter\Database\Config::connect('default')
CRITICAL - 2023-07-19 14:46:32 --> Uncaught Error: Class "Locale" not found in /var/www/html/vendor/codeigniter4/framework/system/I18n/Time.php:78
Stack trace:
#0 /var/www/html/vendor/codeigniter4/framework/system/I18n/Time.php(114): CodeIgniter\I18n\Time->__construct(NULL, NULL, NULL)
#1 /var/www/html/vendor/codeigniter4/framework/system/HTTP/ResponseTrait.php(468): CodeIgniter\I18n\Time::now()
#2 /var/www/html/vendor/codeigniter4/framework/system/HTTP/ResponseTrait.php(446): CodeIgniter\HTTP\Response->sendHeaders()
#3 /var/www/html/vendor/codeigniter4/framework/system/Debug/Exceptions.php(133): CodeIgniter\HTTP\Response->send()
#4 [internal function]: CodeIgniter\Debug\Exceptions->exceptionHandler(Object(Error))
#5 {main}
  thrown
in SYSTEMPATH/I18n/Time.php on line 78.
 1 [internal function]: CodeIgniter\Debug\Exceptions->shutdownHandler()
